2024-07-20 11:34:34,427 CSP
2024-07-20 11:34:34,428 output: Output/DATA4/ 
2024-07-20 11:34:34,428 param_grid: {'CSP__n_components': [2], 'CSP__reg': ['shrunk'], 'CSP__log': [True, False], 'CSP__norm_trace': [True, False], 'CSP__cov_method_params': [{'shrunk': {'shrinkage': array([1.00000000e-04, 1.37382380e-04, 1.88739182e-04, 2.59294380e-04,
       3.56224789e-04, 4.89390092e-04, 6.72335754e-04, 9.23670857e-04,
       1.26896100e-03, 1.74332882e-03, 2.39502662e-03, 3.29034456e-03,
       4.52035366e-03, 6.21016942e-03, 8.53167852e-03, 1.17210230e-02,
       1.61026203e-02, 2.21221629e-02, 3.03919538e-02, 4.17531894e-02,
       5.73615251e-02, 7.88046282e-02, 1.08263673e-01, 1.48735211e-01,
       2.04335972e-01, 2.80721620e-01, 3.85662042e-01, 5.29831691e-01,
       7.27895384e-01, 1.00000000e+00])}}]} 
2024-07-20 11:34:34,429 columns: ['params', 'mean_test_score', 'std_test_score'] 
2024-07-20 11:34:34,540 Filename: Epoch/DATA3/D3S02I_S01_FI2S15CH-epo.fif 
2024-07-20 11:34:34,540 DATASET: D3S02I_S01_FI2S15CH
2024-07-20 11:34:34,540 Started
2024-07-20 11:34:34,541 X: (150, 15, 251) 
2024-07-20 11:34:34,541 y: (150,) 
2024-07-20 11:34:55,948 Mean Accuracy: 0.600
2024-07-20 11:34:55,949 Config: {}
2024-07-20 11:34:56,072 Finished
2024-07-20 11:37:14,096 CSP
2024-07-20 11:37:14,097 output: Output/DATA4/ 
2024-07-20 11:37:14,097 param_grid: {'CSP__n_components': [2], 'CSP__reg': ['shrunk'], 'CSP__log': [True, False], 'CSP__norm_trace': [True, False], 'CSP__cov_method_params': [{'shrunk': {'shrinkage': array([1.00000000e-04, 1.37382380e-04, 1.88739182e-04, 2.59294380e-04,
       3.56224789e-04, 4.89390092e-04, 6.72335754e-04, 9.23670857e-04,
       1.26896100e-03, 1.74332882e-03, 2.39502662e-03, 3.29034456e-03,
       4.52035366e-03, 6.21016942e-03, 8.53167852e-03, 1.17210230e-02,
       1.61026203e-02, 2.21221629e-02, 3.03919538e-02, 4.17531894e-02,
       5.73615251e-02, 7.88046282e-02, 1.08263673e-01, 1.48735211e-01,
       2.04335972e-01, 2.80721620e-01, 3.85662042e-01, 5.29831691e-01,
       7.27895384e-01, 1.00000000e+00])}}]} 
2024-07-20 11:37:14,098 columns: ['params', 'mean_test_score', 'std_test_score'] 
2024-07-20 11:37:14,611 Filename: Epoch/DATA3/D3S02I_S01_FI2S15CH-epo.fif 
2024-07-20 11:37:25,730 CSP
2024-07-20 11:37:25,730 output: Output/DATA4/ 
2024-07-20 11:37:25,731 param_grid: {'CSP__n_components': [2], 'CSP__reg': ['shrunk'], 'CSP__log': [True, False], 'CSP__norm_trace': [True, False], 'CSP__cov_method_params': [{'shrunk': {'shrinkage': array([1.00000000e-04, 1.37382380e-04, 1.88739182e-04, 2.59294380e-04,
       3.56224789e-04, 4.89390092e-04, 6.72335754e-04, 9.23670857e-04,
       1.26896100e-03, 1.74332882e-03, 2.39502662e-03, 3.29034456e-03,
       4.52035366e-03, 6.21016942e-03, 8.53167852e-03, 1.17210230e-02,
       1.61026203e-02, 2.21221629e-02, 3.03919538e-02, 4.17531894e-02,
       5.73615251e-02, 7.88046282e-02, 1.08263673e-01, 1.48735211e-01,
       2.04335972e-01, 2.80721620e-01, 3.85662042e-01, 5.29831691e-01,
       7.27895384e-01, 1.00000000e+00])}}]} 
2024-07-20 11:37:25,731 columns: ['params', 'mean_test_score', 'std_test_score'] 
2024-07-20 11:37:26,381 Filename: Epoch/DATA3/D3S02I_S01_FI2S15CH-epo.fif 
2024-07-20 11:37:26,381 DATASET: D3S02I_S01_FI2S15CH
2024-07-20 11:37:26,381 Started
2024-07-20 11:37:26,381 X: (150, 15, 251) 
2024-07-20 11:37:26,381 y: (150,) 
2024-07-20 11:37:41,512 Mean Accuracy: 0.776
2024-07-20 11:37:41,512 Config: {}
2024-07-20 11:37:41,517 Finished
2024-07-20 11:37:50,370 CSP
2024-07-20 11:37:50,371 output: Output/DATA4/ 
2024-07-20 11:37:50,371 param_grid: {'CSP__n_components': [2], 'CSP__reg': ['shrunk'], 'CSP__log': [True, False], 'CSP__norm_trace': [True, False], 'CSP__cov_method_params': [{'shrunk': {'shrinkage': array([1.00000000e-04, 1.37382380e-04, 1.88739182e-04, 2.59294380e-04,
       3.56224789e-04, 4.89390092e-04, 6.72335754e-04, 9.23670857e-04,
       1.26896100e-03, 1.74332882e-03, 2.39502662e-03, 3.29034456e-03,
       4.52035366e-03, 6.21016942e-03, 8.53167852e-03, 1.17210230e-02,
       1.61026203e-02, 2.21221629e-02, 3.03919538e-02, 4.17531894e-02,
       5.73615251e-02, 7.88046282e-02, 1.08263673e-01, 1.48735211e-01,
       2.04335972e-01, 2.80721620e-01, 3.85662042e-01, 5.29831691e-01,
       7.27895384e-01, 1.00000000e+00])}}]} 
2024-07-20 11:37:50,371 columns: ['params', 'mean_test_score', 'std_test_score'] 
2024-07-20 11:37:50,781 Filename: Epoch/DATA3/D3S02I_S01_FI2S15CH-epo.fif 
2024-07-20 11:37:50,781 DATASET: D3S02I_S01_FI2S15CH
2024-07-20 11:37:50,781 Started
2024-07-20 11:37:50,781 X: (150, 15, 251) 
2024-07-20 11:37:50,781 y: (150,) 
2024-07-20 11:38:05,578 Mean Accuracy: 0.776
2024-07-20 11:38:05,579 Config: {}
2024-07-20 11:38:05,584 Finished
2024-07-20 11:39:00,111 CSP
2024-07-20 11:39:00,111 output: Output/DATA4/ 
2024-07-20 11:39:00,111 param_grid: {'CSP__n_components': [2], 'CSP__reg': ['shrunk'], 'CSP__log': [True, False], 'CSP__norm_trace': [True, False], 'CSP__cov_method_params': [{'shrunk': {'shrinkage': array([1.00000000e-04, 1.37382380e-04, 1.88739182e-04, 2.59294380e-04,
       3.56224789e-04, 4.89390092e-04, 6.72335754e-04, 9.23670857e-04,
       1.26896100e-03, 1.74332882e-03, 2.39502662e-03, 3.29034456e-03,
       4.52035366e-03, 6.21016942e-03, 8.53167852e-03, 1.17210230e-02,
       1.61026203e-02, 2.21221629e-02, 3.03919538e-02, 4.17531894e-02,
       5.73615251e-02, 7.88046282e-02, 1.08263673e-01, 1.48735211e-01,
       2.04335972e-01, 2.80721620e-01, 3.85662042e-01, 5.29831691e-01,
       7.27895384e-01, 1.00000000e+00])}}]} 
2024-07-20 11:39:00,112 columns: ['params', 'mean_test_score', 'std_test_score'] 
2024-07-20 11:39:00,726 Filename: Epoch/DATA3/D3S02I_S01_FI2S15CH-epo.fif 
2024-07-20 11:39:00,726 DATASET: D3S02I_S01_FI2S15CH
2024-07-20 11:39:00,726 Started
2024-07-20 11:39:00,726 X: (150, 15, 251) 
2024-07-20 11:39:00,727 y: (150,) 
2024-07-20 11:39:02,613 Mean Accuracy: 0.776
2024-07-20 11:39:02,614 Config: {}
2024-07-20 11:39:02,622 Finished
2024-07-20 12:48:48,685 CSP
2024-07-20 12:48:48,685 output: Output/DATA4/ 
2024-07-20 12:48:48,686 param_grid: {'CSP__n_components': [2], 'CSP__reg': ['shrunk'], 'CSP__log': [True, False], 'CSP__norm_trace': [True, False], 'CSP__cov_method_params': [{'shrunk': {'shrinkage': array([1.00000000e-04, 1.37382380e-04, 1.88739182e-04, 2.59294380e-04,
       3.56224789e-04, 4.89390092e-04, 6.72335754e-04, 9.23670857e-04,
       1.26896100e-03, 1.74332882e-03, 2.39502662e-03, 3.29034456e-03,
       4.52035366e-03, 6.21016942e-03, 8.53167852e-03, 1.17210230e-02,
       1.61026203e-02, 2.21221629e-02, 3.03919538e-02, 4.17531894e-02,
       5.73615251e-02, 7.88046282e-02, 1.08263673e-01, 1.48735211e-01,
       2.04335972e-01, 2.80721620e-01, 3.85662042e-01, 5.29831691e-01,
       7.27895384e-01, 1.00000000e+00])}}]} 
2024-07-20 12:48:48,687 columns: ['params', 'mean_test_score', 'std_test_score'] 
2024-07-20 12:49:02,257 CSP
2024-07-20 12:49:02,259 output: Output/DATA4/ 
2024-07-20 12:49:02,259 param_grid: {'CSP__n_components': [2], 'CSP__reg': ['shrunk'], 'CSP__log': [True, False], 'CSP__norm_trace': [True, False], 'CSP__cov_method_params': [{'shrunk': {'shrinkage': array([1.00000000e-04, 1.37382380e-04, 1.88739182e-04, 2.59294380e-04,
       3.56224789e-04, 4.89390092e-04, 6.72335754e-04, 9.23670857e-04,
       1.26896100e-03, 1.74332882e-03, 2.39502662e-03, 3.29034456e-03,
       4.52035366e-03, 6.21016942e-03, 8.53167852e-03, 1.17210230e-02,
       1.61026203e-02, 2.21221629e-02, 3.03919538e-02, 4.17531894e-02,
       5.73615251e-02, 7.88046282e-02, 1.08263673e-01, 1.48735211e-01,
       2.04335972e-01, 2.80721620e-01, 3.85662042e-01, 5.29831691e-01,
       7.27895384e-01, 1.00000000e+00])}}]} 
2024-07-20 12:49:02,260 columns: ['params', 'mean_test_score', 'std_test_score'] 
2024-07-20 12:49:11,935 CSP
2024-07-20 12:49:11,937 output: Output/DATA4/ 
2024-07-20 12:49:11,937 param_grid: {'CSP__n_components': [2], 'CSP__reg': ['shrunk'], 'CSP__log': [True, False], 'CSP__norm_trace': [True, False], 'CSP__cov_method_params': [{'shrunk': {'shrinkage': array([1.00000000e-04, 1.37382380e-04, 1.88739182e-04, 2.59294380e-04,
       3.56224789e-04, 4.89390092e-04, 6.72335754e-04, 9.23670857e-04,
       1.26896100e-03, 1.74332882e-03, 2.39502662e-03, 3.29034456e-03,
       4.52035366e-03, 6.21016942e-03, 8.53167852e-03, 1.17210230e-02,
       1.61026203e-02, 2.21221629e-02, 3.03919538e-02, 4.17531894e-02,
       5.73615251e-02, 7.88046282e-02, 1.08263673e-01, 1.48735211e-01,
       2.04335972e-01, 2.80721620e-01, 3.85662042e-01, 5.29831691e-01,
       7.27895384e-01, 1.00000000e+00])}}]} 
2024-07-20 12:49:11,939 columns: ['params', 'mean_test_score', 'std_test_score'] 
2024-07-20 12:49:12,701 Filename: Epoch/DATA3/D3S02I_S01_FI2S15CH-epo.fif 
2024-07-20 12:49:12,701 DATASET: D3S02I_S01_FI2S15CH
2024-07-20 12:49:12,701 Started
2024-07-20 12:49:12,701 X: (150, 15, 251) 
2024-07-20 12:49:12,701 y: (150,) 
2024-07-20 12:49:17,716 Mean Accuracy: 0.776
2024-07-20 12:49:17,723 Config: {}
2024-07-20 12:49:17,735 Finished
2024-07-20 12:49:48,550 CSP
2024-07-20 12:49:48,551 output: Output/DATA4/ 
2024-07-20 12:49:48,551 param_grid: {'CSP__n_components': [2], 'CSP__reg': ['shrunk'], 'CSP__log': [True, False], 'CSP__norm_trace': [True, False], 'CSP__cov_method_params': [{'shrunk': {'shrinkage': array([1.00000000e-04, 1.37382380e-04, 1.88739182e-04, 2.59294380e-04,
       3.56224789e-04, 4.89390092e-04, 6.72335754e-04, 9.23670857e-04,
       1.26896100e-03, 1.74332882e-03, 2.39502662e-03, 3.29034456e-03,
       4.52035366e-03, 6.21016942e-03, 8.53167852e-03, 1.17210230e-02,
       1.61026203e-02, 2.21221629e-02, 3.03919538e-02, 4.17531894e-02,
       5.73615251e-02, 7.88046282e-02, 1.08263673e-01, 1.48735211e-01,
       2.04335972e-01, 2.80721620e-01, 3.85662042e-01, 5.29831691e-01,
       7.27895384e-01, 1.00000000e+00])}}]} 
2024-07-20 12:49:48,551 columns: ['params', 'mean_test_score', 'std_test_score'] 
2024-07-20 12:49:48,551 DATASET: D3S02I_S01_FI2S15CH
2024-07-20 12:49:48,551 Started
2024-07-20 12:50:01,085 CSP
2024-07-20 12:50:01,087 output: Output/DATA4/ 
2024-07-20 12:50:01,087 param_grid: {'CSP__n_components': [2], 'CSP__reg': ['shrunk'], 'CSP__log': [True, False], 'CSP__norm_trace': [True, False], 'CSP__cov_method_params': [{'shrunk': {'shrinkage': array([1.00000000e-04, 1.37382380e-04, 1.88739182e-04, 2.59294380e-04,
       3.56224789e-04, 4.89390092e-04, 6.72335754e-04, 9.23670857e-04,
       1.26896100e-03, 1.74332882e-03, 2.39502662e-03, 3.29034456e-03,
       4.52035366e-03, 6.21016942e-03, 8.53167852e-03, 1.17210230e-02,
       1.61026203e-02, 2.21221629e-02, 3.03919538e-02, 4.17531894e-02,
       5.73615251e-02, 7.88046282e-02, 1.08263673e-01, 1.48735211e-01,
       2.04335972e-01, 2.80721620e-01, 3.85662042e-01, 5.29831691e-01,
       7.27895384e-01, 1.00000000e+00])}}]} 
2024-07-20 12:50:01,088 columns: ['params', 'mean_test_score', 'std_test_score'] 
2024-07-20 12:50:01,896 Filename: Epoch/DATA3/D3S02I_S01_FI2S15CH-epo.fif 
2024-07-20 12:50:01,898 DATASET: D3S02I_S01_FI2S15CH
2024-07-20 12:50:01,898 Started
2024-07-20 12:50:01,898 X: (150, 15, 251) 
2024-07-20 12:50:01,898 y: (150,) 
2024-07-20 12:50:04,121 Mean Accuracy: 0.776
2024-07-20 12:50:04,121 Config: {}
2024-07-20 12:50:04,138 Finished
2024-07-20 13:08:18,378 CSP
2024-07-20 13:08:18,379 output: Output/DATA4/ 
2024-07-20 13:08:18,379 param_grid: {'CSP__n_components': [2], 'CSP__reg': ['shrunk'], 'CSP__log': [True, False], 'CSP__norm_trace': [True, False], 'CSP__cov_method_params': [{'shrunk': {'shrinkage': array([1.00000000e-04, 1.37382380e-04, 1.88739182e-04, 2.59294380e-04,
       3.56224789e-04, 4.89390092e-04, 6.72335754e-04, 9.23670857e-04,
       1.26896100e-03, 1.74332882e-03, 2.39502662e-03, 3.29034456e-03,
       4.52035366e-03, 6.21016942e-03, 8.53167852e-03, 1.17210230e-02,
       1.61026203e-02, 2.21221629e-02, 3.03919538e-02, 4.17531894e-02,
       5.73615251e-02, 7.88046282e-02, 1.08263673e-01, 1.48735211e-01,
       2.04335972e-01, 2.80721620e-01, 3.85662042e-01, 5.29831691e-01,
       7.27895384e-01, 1.00000000e+00])}}]} 
2024-07-20 13:08:18,380 columns: ['params', 'mean_test_score', 'std_test_score'] 
2024-07-20 13:08:47,051 CSP
2024-07-20 13:08:47,052 output: Output/DATA4/ 
2024-07-20 13:08:47,060 param_grid: {'CSP__n_components': [2], 'CSP__reg': ['shrunk'], 'CSP__log': [True, False], 'CSP__norm_trace': [True, False], 'CSP__cov_method_params': [{'shrunk': {'shrinkage': array([1.00000000e-04, 1.37382380e-04, 1.88739182e-04, 2.59294380e-04,
       3.56224789e-04, 4.89390092e-04, 6.72335754e-04, 9.23670857e-04,
       1.26896100e-03, 1.74332882e-03, 2.39502662e-03, 3.29034456e-03,
       4.52035366e-03, 6.21016942e-03, 8.53167852e-03, 1.17210230e-02,
       1.61026203e-02, 2.21221629e-02, 3.03919538e-02, 4.17531894e-02,
       5.73615251e-02, 7.88046282e-02, 1.08263673e-01, 1.48735211e-01,
       2.04335972e-01, 2.80721620e-01, 3.85662042e-01, 5.29831691e-01,
       7.27895384e-01, 1.00000000e+00])}}]} 
2024-07-20 13:08:47,060 columns: ['params', 'mean_test_score', 'std_test_score'] 
2024-07-20 13:10:12,094 CSP
2024-07-20 13:10:12,095 output: Output/DATA4/ 
2024-07-20 13:10:12,095 param_grid: {'CSP__n_components': [2], 'CSP__reg': ['shrunk'], 'CSP__log': [True, False], 'CSP__norm_trace': [True, False], 'CSP__cov_method_params': [{'shrunk': {'shrinkage': array([1.00000000e-04, 1.37382380e-04, 1.88739182e-04, 2.59294380e-04,
       3.56224789e-04, 4.89390092e-04, 6.72335754e-04, 9.23670857e-04,
       1.26896100e-03, 1.74332882e-03, 2.39502662e-03, 3.29034456e-03,
       4.52035366e-03, 6.21016942e-03, 8.53167852e-03, 1.17210230e-02,
       1.61026203e-02, 2.21221629e-02, 3.03919538e-02, 4.17531894e-02,
       5.73615251e-02, 7.88046282e-02, 1.08263673e-01, 1.48735211e-01,
       2.04335972e-01, 2.80721620e-01, 3.85662042e-01, 5.29831691e-01,
       7.27895384e-01, 1.00000000e+00])}}]} 
2024-07-20 13:10:12,096 columns: ['params', 'mean_test_score', 'std_test_score'] 
2024-07-20 13:14:35,928 CSP
2024-07-20 13:14:35,928 output: Output/DATA4/ 
2024-07-20 13:14:35,928 param_grid: {'CSP__n_components': [2], 'CSP__reg': ['shrunk'], 'CSP__log': [True, False], 'CSP__norm_trace': [True, False], 'CSP__cov_method_params': [{'shrunk': {'shrinkage': array([1.00000000e-04, 1.37382380e-04, 1.88739182e-04, 2.59294380e-04,
       3.56224789e-04, 4.89390092e-04, 6.72335754e-04, 9.23670857e-04,
       1.26896100e-03, 1.74332882e-03, 2.39502662e-03, 3.29034456e-03,
       4.52035366e-03, 6.21016942e-03, 8.53167852e-03, 1.17210230e-02,
       1.61026203e-02, 2.21221629e-02, 3.03919538e-02, 4.17531894e-02,
       5.73615251e-02, 7.88046282e-02, 1.08263673e-01, 1.48735211e-01,
       2.04335972e-01, 2.80721620e-01, 3.85662042e-01, 5.29831691e-01,
       7.27895384e-01, 1.00000000e+00])}}]} 
2024-07-20 13:14:35,929 columns: ['params', 'mean_test_score', 'std_test_score'] 
2024-07-20 13:15:39,107 CSP
2024-07-20 13:15:39,107 output: Output/DATA4/ 
2024-07-20 13:15:39,108 param_grid: {'CSP__n_components': [2], 'CSP__reg': ['shrunk'], 'CSP__log': [True, False], 'CSP__norm_trace': [True, False], 'CSP__cov_method_params': [{'shrunk': {'shrinkage': array([1.00000000e-04, 1.37382380e-04, 1.88739182e-04, 2.59294380e-04,
       3.56224789e-04, 4.89390092e-04, 6.72335754e-04, 9.23670857e-04,
       1.26896100e-03, 1.74332882e-03, 2.39502662e-03, 3.29034456e-03,
       4.52035366e-03, 6.21016942e-03, 8.53167852e-03, 1.17210230e-02,
       1.61026203e-02, 2.21221629e-02, 3.03919538e-02, 4.17531894e-02,
       5.73615251e-02, 7.88046282e-02, 1.08263673e-01, 1.48735211e-01,
       2.04335972e-01, 2.80721620e-01, 3.85662042e-01, 5.29831691e-01,
       7.27895384e-01, 1.00000000e+00])}}]} 
2024-07-20 13:15:39,109 columns: ['params', 'mean_test_score', 'std_test_score'] 
2024-07-20 13:23:42,267 CSP
2024-07-20 13:23:42,267 output: Output/DATA4/ 
2024-07-20 13:23:42,268 param_grid: {'CSP__n_components': [2], 'CSP__reg': ['shrunk'], 'CSP__log': [True, False], 'CSP__norm_trace': [True, False], 'CSP__cov_method_params': [{'shrunk': {'shrinkage': array([1.00000000e-04, 1.37382380e-04, 1.88739182e-04, 2.59294380e-04,
       3.56224789e-04, 4.89390092e-04, 6.72335754e-04, 9.23670857e-04,
       1.26896100e-03, 1.74332882e-03, 2.39502662e-03, 3.29034456e-03,
       4.52035366e-03, 6.21016942e-03, 8.53167852e-03, 1.17210230e-02,
       1.61026203e-02, 2.21221629e-02, 3.03919538e-02, 4.17531894e-02,
       5.73615251e-02, 7.88046282e-02, 1.08263673e-01, 1.48735211e-01,
       2.04335972e-01, 2.80721620e-01, 3.85662042e-01, 5.29831691e-01,
       7.27895384e-01, 1.00000000e+00])}}]} 
2024-07-20 13:23:42,268 columns: ['params', 'mean_test_score', 'std_test_score'] 
2024-07-20 13:23:56,733 CSP
2024-07-20 13:23:56,734 output: Output/DATA4/ 
2024-07-20 13:23:56,734 param_grid: {'CSP__n_components': [2], 'CSP__reg': ['shrunk'], 'CSP__log': [True, False], 'CSP__norm_trace': [True, False], 'CSP__cov_method_params': [{'shrunk': {'shrinkage': array([1.00000000e-04, 1.37382380e-04, 1.88739182e-04, 2.59294380e-04,
       3.56224789e-04, 4.89390092e-04, 6.72335754e-04, 9.23670857e-04,
       1.26896100e-03, 1.74332882e-03, 2.39502662e-03, 3.29034456e-03,
       4.52035366e-03, 6.21016942e-03, 8.53167852e-03, 1.17210230e-02,
       1.61026203e-02, 2.21221629e-02, 3.03919538e-02, 4.17531894e-02,
       5.73615251e-02, 7.88046282e-02, 1.08263673e-01, 1.48735211e-01,
       2.04335972e-01, 2.80721620e-01, 3.85662042e-01, 5.29831691e-01,
       7.27895384e-01, 1.00000000e+00])}}]} 
2024-07-20 13:23:56,735 columns: ['params', 'mean_test_score', 'std_test_score'] 
